<?xml version="1.0" encoding="UTF-8"?>
<testng-results ignored="0" total="2" passed="2" failed="0" skipped="0">
  <reporter-output>
  </reporter-output>
  <suite started-at="2021-03-24T21:12:21 PDT" name="OpenCart Test Suite" finished-at="2021-03-24T21:12:49 PDT" duration-ms="28158">
    <groups>
    </groups>
    <test started-at="2021-03-24T21:12:21 PDT" name="OprnCart tests" finished-at="2021-03-24T21:12:49 PDT" duration-ms="28158">
      <class name="TestCases.TC_002_Login">
        <test-method is-config="true" signature="setup(java.lang.String)[pri:0, instance:TestCases.TC_002_Login@759d26fb]" started-at="2021-03-24T21:12:38 PDT" name="setup" finished-at="2021-03-24T21:12:40 PDT" duration-ms="1749" status="PASS">
          <params>
            <param index="0">
              <value>
                <![CDATA[chrome]]>
              </value>
            </param>
          </params>
          <reporter-output>
          </reporter-output>
        </test-method> <!-- setup -->
        <test-method signature="test_login()[pri:0, instance:TestCases.TC_002_Login@759d26fb]" started-at="2021-03-24T21:12:40 PDT" name="test_login" finished-at="2021-03-24T21:12:49 PDT" duration-ms="9161" status="PASS">
          <reporter-output>
          </reporter-output>
        </test-method> <!-- test_login -->
        <test-method is-config="true" signature="tearDown()[pri:0, instance:TestCases.TC_002_Login@759d26fb]" started-at="2021-03-24T21:12:49 PDT" name="tearDown" finished-at="2021-03-24T21:12:49 PDT" duration-ms="168" status="PASS">
          <reporter-output>
          </reporter-output>
        </test-method> <!-- tearDown -->
      </class> <!-- TestCases.TC_002_Login -->
      <class name="TestCases.TC_001_AccountRegistration">
        <test-method is-config="true" signature="setup(java.lang.String)[pri:0, instance:TestCases.TC_001_AccountRegistration@4bb33f74]" started-at="2021-03-24T21:12:22 PDT" name="setup" finished-at="2021-03-24T21:12:30 PDT" duration-ms="7590" status="PASS">
          <params>
            <param index="0">
              <value>
                <![CDATA[chrome]]>
              </value>
            </param>
          </params>
          <reporter-output>
          </reporter-output>
        </test-method> <!-- setup -->
        <test-method signature="test_account_registration()[pri:0, instance:TestCases.TC_001_AccountRegistration@4bb33f74]" started-at="2021-03-24T21:12:30 PDT" name="test_account_registration" finished-at="2021-03-24T21:12:38 PDT" duration-ms="8473" status="PASS">
          <reporter-output>
          </reporter-output>
        </test-method> <!-- test_account_registration -->
        <test-method is-config="true" signature="tearDown()[pri:0, instance:TestCases.TC_001_AccountRegistration@4bb33f74]" started-at="2021-03-24T21:12:38 PDT" name="tearDown" finished-at="2021-03-24T21:12:38 PDT" duration-ms="166" status="PASS">
          <reporter-output>
          </reporter-output>
        </test-method> <!-- tearDown -->
      </class> <!-- TestCases.TC_001_AccountRegistration -->
    </test> <!-- OprnCart tests -->
  </suite> <!-- OpenCart Test Suite -->
</testng-results>
