<?xml version="1.0" encoding="UTF-8"?>
<testng-results skipped="0" failed="0" ignored="0" total="2" passed="2">
  <reporter-output>
  </reporter-output>
  <suite name="OpenCart Test Suite" duration-ms="15728" started-at="2021-03-26T18:17:04 PDT" finished-at="2021-03-26T18:17:20 PDT">
    <groups>
    </groups>
    <test name="OprnCart tests" duration-ms="15728" started-at="2021-03-26T18:17:04 PDT" finished-at="2021-03-26T18:17:20 PDT">
      <class name="TestCases.TC_002_Login">
        <test-method status="PASS" signature="setup(java.lang.String)[pri:0, instance:TestCases.TC_002_Login@23d2a7e8]" name="setup" is-config="true" duration-ms="1295" started-at="2021-03-26T18:17:14 PDT" finished-at="2021-03-26T18:17:16 PDT">
          <params>
            <param index="0">
              <value>
                <![CDATA[chrome]]>
              </value>
            </param>
          </params>
          <reporter-output>
          </reporter-output>
        </test-method> <!-- setup -->
        <test-method status="PASS" signature="test_login()[pri:0, instance:TestCases.TC_002_Login@23d2a7e8]" name="test_login" duration-ms="4348" started-at="2021-03-26T18:17:16 PDT" finished-at="2021-03-26T18:17:20 PDT">
          <reporter-output>
          </reporter-output>
        </test-method> <!-- test_login -->
        <test-method status="PASS" signature="tearDown()[pri:0, instance:TestCases.TC_002_Login@23d2a7e8]" name="tearDown" is-config="true" duration-ms="131" started-at="2021-03-26T18:17:20 PDT" finished-at="2021-03-26T18:17:20 PDT">
          <reporter-output>
          </reporter-output>
        </test-method> <!-- tearDown -->
      </class> <!-- TestCases.TC_002_Login -->
      <class name="TestCases.TC_001_AccountRegistration">
        <test-method status="PASS" signature="setup(java.lang.String)[pri:0, instance:TestCases.TC_001_AccountRegistration@687080dc]" name="setup" is-config="true" duration-ms="4446" started-at="2021-03-26T18:17:05 PDT" finished-at="2021-03-26T18:17:09 PDT">
          <params>
            <param index="0">
              <value>
                <![CDATA[chrome]]>
              </value>
            </param>
          </params>
          <reporter-output>
          </reporter-output>
        </test-method> <!-- setup -->
        <test-method status="PASS" signature="test_account_registration()[pri:0, instance:TestCases.TC_001_AccountRegistration@687080dc]" name="test_account_registration" duration-ms="5009" started-at="2021-03-26T18:17:09 PDT" finished-at="2021-03-26T18:17:14 PDT">
          <reporter-output>
          </reporter-output>
        </test-method> <!-- test_account_registration -->
        <test-method status="PASS" signature="tearDown()[pri:0, instance:TestCases.TC_001_AccountRegistration@687080dc]" name="tearDown" is-config="true" duration-ms="84" started-at="2021-03-26T18:17:14 PDT" finished-at="2021-03-26T18:17:14 PDT">
          <reporter-output>
          </reporter-output>
        </test-method> <!-- tearDown -->
      </class> <!-- TestCases.TC_001_AccountRegistration -->
    </test> <!-- OprnCart tests -->
  </suite> <!-- OpenCart Test Suite -->
</testng-results>
