<?xml version="1.0" encoding="UTF-8"?>
<testng-results skipped="0" failed="0" ignored="0" total="2" passed="2">
  <reporter-output>
  </reporter-output>
  <suite name="OpenCart Test Suite" duration-ms="19974" started-at="2021-03-26T18:15:20 PDT" finished-at="2021-03-26T18:15:40 PDT">
    <groups>
    </groups>
    <test name="OprnCart tests" duration-ms="19974" started-at="2021-03-26T18:15:20 PDT" finished-at="2021-03-26T18:15:40 PDT">
      <class name="TestCases.TC_001_AccountRegistration">
        <test-method status="PASS" signature="setup(java.lang.String)[pri:0, instance:TestCases.TC_001_AccountRegistration@67b467e9]" name="setup" is-config="true" duration-ms="5499" started-at="2021-03-26T18:15:20 PDT" finished-at="2021-03-26T18:15:26 PDT">
          <params>
            <param index="0">
              <value>
                <![CDATA[chrome]]>
              </value>
            </param>
          </params>
          <reporter-output>
          </reporter-output>
        </test-method> <!-- setup -->
        <test-method status="PASS" signature="test_account_registration()[pri:0, instance:TestCases.TC_001_AccountRegistration@67b467e9]" name="test_account_registration" duration-ms="7984" started-at="2021-03-26T18:15:26 PDT" finished-at="2021-03-26T18:15:34 PDT">
          <reporter-output>
          </reporter-output>
        </test-method> <!-- test_account_registration -->
        <test-method status="PASS" signature="tearDown()[pri:0, instance:TestCases.TC_001_AccountRegistration@67b467e9]" name="tearDown" is-config="true" duration-ms="87" started-at="2021-03-26T18:15:34 PDT" finished-at="2021-03-26T18:15:34 PDT">
          <reporter-output>
          </reporter-output>
        </test-method> <!-- tearDown -->
      </class> <!-- TestCases.TC_001_AccountRegistration -->
      <class name="TestCases.TC_002_Login">
        <test-method status="PASS" signature="setup(java.lang.String)[pri:0, instance:TestCases.TC_002_Login@47db50c5]" name="setup" is-config="true" duration-ms="1338" started-at="2021-03-26T18:15:34 PDT" finished-at="2021-03-26T18:15:35 PDT">
          <params>
            <param index="0">
              <value>
                <![CDATA[chrome]]>
              </value>
            </param>
          </params>
          <reporter-output>
          </reporter-output>
        </test-method> <!-- setup -->
        <test-method status="PASS" signature="test_login()[pri:0, instance:TestCases.TC_002_Login@47db50c5]" name="test_login" duration-ms="4416" started-at="2021-03-26T18:15:35 PDT" finished-at="2021-03-26T18:15:40 PDT">
          <reporter-output>
          </reporter-output>
        </test-method> <!-- test_login -->
        <test-method status="PASS" signature="tearDown()[pri:0, instance:TestCases.TC_002_Login@47db50c5]" name="tearDown" is-config="true" duration-ms="84" started-at="2021-03-26T18:15:40 PDT" finished-at="2021-03-26T18:15:40 PDT">
          <reporter-output>
          </reporter-output>
        </test-method> <!-- tearDown -->
      </class> <!-- TestCases.TC_002_Login -->
    </test> <!-- OprnCart tests -->
  </suite> <!-- OpenCart Test Suite -->
</testng-results>
